10-Nov-1993 12:57am:  OUT OF MEMORY!!!
10-Nov-1993 12:58am:  OUT OF MEMORY!!!
10-Nov-1993 12:58am:  OUT OF MEMORY!!!
10-Nov-1993 12:59am:  OUT OF MEMORY!!!
10-Nov-1993 1:19am:  OUT OF MEMORY!!!
10-Nov-1993 1:20am:  OUT OF MEMORY!!!
Error@2: read a Message from the trading file.
16-Nov-1993 12:02am:  OUT OF MEMORY!!!
16-Nov-1993 12:04am:  OUT OF MEMORY!!!
Error@1: read a Message from the trading file.
Error@1: read a Message from the trading file.
File `Data/Battles.II' negative packet size, skipping record.
23-Dec-1993 1:41am:  OUT OF MEMORY!!!
5-Jan-1994 11:03pm:  OUT OF MEMORY!!!
5-Jan-1994 11:07pm:  OUT OF MEMORY!!!
11-Jan-1994 11:30pm:  OUT OF MEMORY!!!
Error@1: read a TradingFleet from the trading file (expecting a Message).
Error@2: read a Message from the trading file.
23-Jan-1994 12:56am:  OUT OF MEMORY!!!
23-Jan-1994 12:58am:  OUT OF MEMORY!!!
23-Jan-1994 5:24pm:  OUT OF MEMORY!!!
Error@1: read a Message from the trading file.
16-Feb-1994 9:16pm:  OUT OF MEMORY!!!
16-Feb-1994 9:17pm:  OUT OF MEMORY!!!
16-Feb-1994 9:17pm:  OUT OF MEMORY!!!
18-Feb-1994 3:02am:  OUT OF MEMORY!!!
18-Feb-1994 3:03am:  OUT OF MEMORY!!!
18-Feb-1994 3:03am:  OUT OF MEMORY!!!
18-Feb-1994 3:04am:  OUT OF MEMORY!!!
23-Feb-1994 7:44pm:  OUT OF MEMORY!!!
11-Mar-1994 5:08pm:  OUT OF MEMORY!!!
11-Mar-1994 5:11pm:  OUT OF MEMORY!!!
14-Mar-1994 4:33pm:  OUT OF MEMORY!!!
Error@1: read a TradingFleet from the trading file (expecting a Message).
16-Mar-1994 4:02pm:  OUT OF MEMORY!!!
18-Mar-1994 4:21pm:  OUT OF MEMORY!!!
Error@1: read a TradingFleet from the trading file (expecting a Message).
24-Mar-1994 10:34pm:  OUT OF MEMORY!!!
4-Apr-1994 11:41pm:  OUT OF MEMORY!!!
4-Apr-1994 11:53pm:  OUT OF MEMORY!!!
6-Apr-1994 11:37pm:  OUT OF MEMORY!!!
6-Apr-1994 11:38pm:  OUT OF MEMORY!!!
6-Apr-1994 11:39pm:  OUT OF MEMORY!!!
6-Apr-1994 11:39pm:  OUT OF MEMORY!!!
6-Apr-1994 11:39pm:  OUT OF MEMORY!!!
6-Apr-1994 11:40pm:  OUT OF MEMORY!!!
6-Apr-1994 11:40pm:  OUT OF MEMORY!!!
6-Apr-1994 11:41pm:  OUT OF MEMORY!!!
6-Apr-1994 11:44pm:  OUT OF MEMORY!!!
16-Apr-1994 10:07pm:  OUT OF MEMORY!!!
26-May-1994 10:51pm:  OUT OF MEMORY!!!
26-May-1994 10:55pm:  OUT OF MEMORY!!!
Error@1: read a TradingFleet from the trading file (expecting a Message).
7-Jul-1994 1:59am:  OUT OF MEMORY!!!
7-Jul-1994 2:00am:  OUT OF MEMORY!!!
7-Jul-1994 2:00am:  OUT OF MEMORY!!!
7-Jul-1994 2:01am:  OUT OF MEMORY!!!
Error@1: read a TradingFleet from the trading file (expecting a Message).
Error@2: read a TradingFleet from the trading file (expecting a Message).
Error@2: read a Message from the trading file.
Error writing to file ' Data/Battles.$$$', disk full?
Error writing to file ' Data/Battles.$$$', disk full?
Error writing to file ' Data/Battles.$$$', disk full?
Error writing to file ' Data/Battles.$$$', disk full?
Error writing to file ' Data/Battles.$$$', disk full?
Error writing to file ' Data/Battles.$$$', disk full?
Error writing to file ' Data/Battles.$$$', disk full?
Error writing to file ' Data/Battles.$$$', disk full?
Error writing to file ' Data/Battles.$$$', disk full?
Error writing to file ' Data/Battles.$$$', disk full?
Error writing to file ' Data/Battles.$$$', disk full?
Error writing to file ' Data/Battles.$$$', disk full?
Error writing to file ' Data/Battles.$$$', disk full?
Error writing to file ' Data/Battles.$$$', disk full?
Error writing to file ' Data/Battles.$$$', disk full?
Error writing to file ' Data/Battles.$$$', disk full?
Error writing to file ' Data/Battles.$$$', disk full?
Error writing to file ' Data/Battles.$$$', disk full?
Error writing to file ' Data/Battles.$$$', disk full?
Error writing to file ' Data/Battles.$$$', disk full?
Error writing to file ' Data/Battles.$$$', disk full?
Error writing to file ' Data/Battles.$$$', disk full?
Error writing to file ' Data/Battles.$$$', disk full?
Error writing to file ' Data/Battles.$$$', disk full?
Error writing to file ' Data/Battles.$$$', disk full?
Error writing to file ' Data/Battles.$$$', disk full?
Error writing to file ' Data/Battles.$$$', disk full?
Error writing to file ' Data/Battles.$$$', disk full?
Error writing to file ' Data/Battles.$$$', disk full?
Error writing to file ' Data/Battles.$$$', disk full?
Error writing to Data/Battles.II.
Error writing to file ' Data/Battles.$$$', disk full?
Error writing to file ' Data/Battles.$$$', disk full?
Error writing to file ' Data/Battles.$$$', disk full?
Error writing to file ' Data/Battles.$$$', disk full?
Error writing to file ' Data/Battles.$$$', disk full?
Error writing to file ' Data/Battles.$$$', disk full?
Error writing to file ' Data/Battles.$$$', disk full?
Error writing to file ' Data/Battles.$$$', disk full?
Error writing to file ' Data/Battles.$$$', disk full?
Error writing to file ' Data/Battles.$$$', disk full?
Error writing to file ' Data/Battles.$$$', disk full?
Error writing to file ' Data/Battles.$$$', disk full?
Error writing to file ' Data/Battles.$$$', disk full?
Error writing to file ' Data/Battles.$$$', disk full?
Error writing to file ' Data/Battles.$$$', disk full?
Error writing to file ' Data/Battles.$$$', disk full?
Error writing to file ' Data/Battles.$$$', disk full?
Error writing to file ' Data/Battles.$$$', disk full?
Error writing to file ' Data/Battles.$$$', disk full?
Error writing to file ' Data/Battles.$$$', disk full?
Error writing to file ' Data/Battles.$$$', disk full?
Error writing to file ' Data/Battles.$$$', disk full?
Error writing to file ' Data/Battles.$$$', disk full?
Error writing to file ' Data/Battles.$$$', disk full?
Error writing to file ' Data/Battles.$$$', disk full?
Error writing to file ' Data/Battles.$$$', disk full?
Error writing to file ' Data/Battles.$$$', disk full?
Error writing to file ' Data/Battles.$$$', disk full?
Error writing to file ' Data/Battles.$$$', disk full?
Error writing to file ' Data/Battles.$$$', disk full?
Error writing to Data/Battles.II.
1-Aug-1994 1:14am:  OUT OF MEMORY!!!
1-Aug-1994 1:14am:  OUT OF MEMORY!!!
1-Aug-1994 1:15am:  OUT OF MEMORY!!!
1-Aug-1994 1:16am:  OUT OF MEMORY!!!
1-Aug-1994 6:05pm:  OUT OF MEMORY!!!
1-Aug-1994 6:06pm:  OUT OF MEMORY!!!
1-Aug-1994 6:06pm:  OUT OF MEMORY!!!
5-Aug-1994 1:04am:  OUT OF MEMORY!!!
5-Aug-1994 1:04am:  OUT OF MEMORY!!!
5-Aug-1994 1:05am:  OUT OF MEMORY!!!
5-Aug-1994 1:06am:  OUT OF MEMORY!!!
14-Aug-1994 1:15am:  OUT OF MEMORY!!!
14-Aug-1994 1:15am:  OUT OF MEMORY!!!
14-Aug-1994 1:27am:  OUT OF MEMORY!!!
16-Aug-1994 4:07pm:  OUT OF MEMORY!!!
16-Aug-1994 4:07pm:  OUT OF MEMORY!!!
16-Aug-1994 4:08pm:  OUT OF MEMORY!!!
16-Aug-1994 4:41pm:  OUT OF MEMORY!!!
16-Aug-1994 4:41pm:  OUT OF MEMORY!!!
22-Aug-1994 1:32am:  OUT OF MEMORY!!!
22-Aug-1994 1:35am:  OUT OF MEMORY!!!
29-Aug-1994 4:32pm:  OUT OF MEMORY!!!
17-Sep-1994 12:04am:  OUT OF MEMORY!!!
17-Sep-1994 12:04am:  OUT OF MEMORY!!!
1-Oct-1994 1:13pm:  OUT OF MEMORY!!!
